
[Comparison with fan.txt]
173: 1 != 0
175: 0 != 1
277: 1 != 0
279: 1 != 0
280: 0 != 1

[Hex Position 1]
1
0
0
0
1
0
0
0

[Hex Position 2]
0
1
0
1
1
0
1
1

[Hex Position 3]
1
1
1
0
0
1
0
0

[Hex Position 4]
0
0
0
0
0
0
0
0

[Hex Position 5]
1
0
1
0
0
0
1
1

[Hex Position 6]
0
0
0
0
1
0
0
0

[Hex Position 7]
0
0
0
0
0
0
0
0

[Hex Position 8]
1
1
1
0
0
1
1
1

[Hex Position 9]
1
0
0
0
1
0
0
0

[Hex Position 10]
0
1
0
1
1
0
1
1

[Hex Position 11]
1
1
1
0
0
1
0
0

[Hex Position 12]
0
0
0
0
0
0
0
0

[Hex Position 13]
0
1
0
0
0
0
1
0

[Hex Position 14]
0
0
0
1
0
1
1
1

[Hex Position 15]
0
0
1
1
0
1
0
0

[Hex Position 16]
0
0
0
1
0
1
1
0

[Hex Position 17]
1
0
0
0
1
0
0
0

[Hex Position 18]
0
1
0
1
1
0
1
1

[Hex Position 19]
1
1
1
0
0
1
0
0

[Hex Position 20]
0
0
0
0
0
0
0
0

[Hex Position 21]
0
0
0
0
0
0
0
0

[Hex Position 22]
1
0
0
1
1
1
0
0

[Hex Position 23]
0
1
0
0
1
1
0
0

[Hex Position 24]
0
0
0
0
0
0
0
0

[Hex Position 25]
0
0
0
0
0
1
0
1

[Hex Position 26]
0
0
0
0
0
0
0
0

[Hex Position 27]
0
0
0
0
0
0
0
0

[Hex Position 28]
0
1
1
0
0
0
0
0

[Hex Position 29]
0
0
0
0
0
1
1
0

[Hex Position 30]
0
0
0
0
0
0
0
0

[Hex Position 31]
0
0
0
0
0
0
0
0

[Hex Position 32]
1
0
1
0
0
0
1
1

[Hex Position 33]
0
0
0
0
0
0
0
0

[Hex Position 34]
0
0
0
1
0
0
0
0

[Hex Position 35]
0
0
0
0
1
0
1
0

[Comparison with dry.txt]
173: 1 != 0
178: 1 != 0
181: 1 != 0
182: 1 != 0
183: 0 != 1
184: 0 != 1
274: 0 != 1
275: 0 != 1
276: 0 != 1
277: 1 != 0
280: 0 != 1

[Hex Position 1]
1
0
0
0
1
0
0
0

[Hex Position 2]
0
1
0
1
1
0
1
1

[Hex Position 3]
1
1
1
0
0
1
0
0

[Hex Position 4]
0
0
0
0
0
0
0
0

[Hex Position 5]
1
0
1
0
0
0
1
1

[Hex Position 6]
0
0
0
0
1
0
0
0

[Hex Position 7]
0
0
0
0
0
0
0
0

[Hex Position 8]
1
1
1
0
0
1
1
1

[Hex Position 9]
1
0
0
0
1
0
0
0

[Hex Position 10]
0
1
0
1
1
0
1
1

[Hex Position 11]
1
1
1
0
0
1
0
0

[Hex Position 12]
0
0
0
0
0
0
0
0

[Hex Position 13]
0
1
0
0
0
0
1
0

[Hex Position 14]
0
0
0
1
0
1
1
1

[Hex Position 15]
0
0
1
1
0
1
0
0

[Hex Position 16]
0
0
0
1
0
1
1
0

[Hex Position 17]
1
0
0
0
1
0
0
0

[Hex Position 18]
0
1
0
1
1
0
1
1

[Hex Position 19]
1
1
1
0
0
1
0
0

[Hex Position 20]
0
0
0
0
0
0
0
0

[Hex Position 21]
0
0
0
0
0
0
0
0

[Hex Position 22]
1
0
0
1
1
1
0
0

[Hex Position 23]
0
1
0
0
1
1
0
0

[Hex Position 24]
0
0
0
0
0
0
0
0

[Hex Position 25]
0
0
0
0
0
1
0
1

[Hex Position 26]
0
0
0
0
0
0
0
0

[Hex Position 27]
0
0
0
0
0
0
0
0

[Hex Position 28]
0
1
1
0
0
0
0
0

[Hex Position 29]
0
0
0
0
0
1
1
0

[Hex Position 30]
0
0
0
0
0
0
0
0

[Hex Position 31]
0
0
0
0
0
0
0
0

[Hex Position 32]
1
0
1
0
0
0
1
1

[Hex Position 33]
0
0
0
0
0
0
0
0

[Hex Position 34]
0
0
0
1
0
0
0
0

[Hex Position 35]
0
0
0
0
1
0
1
0

[Comparison with fan.txt]
173: 1 != 0
175: 0 != 1
277: 1 != 0
279: 1 != 0
280: 0 != 1

[Hex Position 1]
1
0
0
0
1
0
0
0

[Hex Position 2]
0
1
0
1
1
0
1
1

[Hex Position 3]
1
1
1
0
0
1
0
0

[Hex Position 4]
0
0
0
0
0
0
0
0

[Hex Position 5]
1
0
1
0
0
0
1
1

[Hex Position 6]
0
0
0
0
1
0
0
0

[Hex Position 7]
0
0
0
0
0
0
0
0

[Hex Position 8]
1
1
1
0
0
1
1
1

[Hex Position 9]
1
0
0
0
1
0
0
0

[Hex Position 10]
0
1
0
1
1
0
1
1

[Hex Position 11]
1
1
1
0
0
1
0
0

[Hex Position 12]
0
0
0
0
0
0
0
0

[Hex Position 13]
0
1
0
0
0
0
1
0

[Hex Position 14]
0
0
0
1
0
1
1
1

[Hex Position 15]
0
0
1
1
0
1
0
0

[Hex Position 16]
0
0
0
1
0
1
1
0

[Hex Position 17]
1
0
0
0
1
0
0
0

[Hex Position 18]
0
1
0
1
1
0
1
1

[Hex Position 19]
1
1
1
0
0
1
0
0

[Hex Position 20]
0
0
0
0
0
0
0
0

[Hex Position 21]
0
0
0
0
0
0
0
0

[Hex Position 22]
1
0
0
1
1
1
0
0

[Hex Position 23]
0
1
0
0
1
1
0
0

[Hex Position 24]
0
0
0
0
0
0
0
0

[Hex Position 25]
0
0
0
0
0
1
0
1

[Hex Position 26]
0
0
0
0
0
0
0
0

[Hex Position 27]
0
0
0
0
0
0
0
0

[Hex Position 28]
0
1
1
0
0
0
0
0

[Hex Position 29]
0
0
0
0
0
1
1
0

[Hex Position 30]
0
0
0
0
0
0
0
0

[Hex Position 31]
0
0
0
0
0
0
0
0

[Hex Position 32]
1
0
1
0
0
0
1
1

[Hex Position 33]
0
0
0
0
0
0
0
0

[Hex Position 34]
0
0
0
1
0
0
0
0

[Hex Position 35]
0
0
0
0
1
0
1
0

[Comparison with dry.txt]
173: 1 != 0
178: 1 != 0
181: 1 != 0
182: 1 != 0
183: 0 != 1
184: 0 != 1
274: 0 != 1
275: 0 != 1
276: 0 != 1
277: 1 != 0
280: 0 != 1

[Hex Position 1]
1
0
0
0
1
0
0
0

[Hex Position 2]
0
1
0
1
1
0
1
1

[Hex Position 3]
1
1
1
0
0
1
0
0

[Hex Position 4]
0
0
0
0
0
0
0
0

[Hex Position 5]
1
0
1
0
0
0
1
1

[Hex Position 6]
0
0
0
0
1
0
0
0

[Hex Position 7]
0
0
0
0
0
0
0
0

[Hex Position 8]
1
1
1
0
0
1
1
1

[Hex Position 9]
1
0
0
0
1
0
0
0

[Hex Position 10]
0
1
0
1
1
0
1
1

[Hex Position 11]
1
1
1
0
0
1
0
0

[Hex Position 12]
0
0
0
0
0
0
0
0

[Hex Position 13]
0
1
0
0
0
0
1
0

[Hex Position 14]
0
0
0
1
0
1
1
1

[Hex Position 15]
0
0
1
1
0
1
0
0

[Hex Position 16]
0
0
0
1
0
1
1
0

[Hex Position 17]
1
0
0
0
1
0
0
0

[Hex Position 18]
0
1
0
1
1
0
1
1

[Hex Position 19]
1
1
1
0
0
1
0
0

[Hex Position 20]
0
0
0
0
0
0
0
0

[Hex Position 21]
0
0
0
0
0
0
0
0

[Hex Position 22]
1
0
0
1
1
1
0
0

[Hex Position 23]
0
1
0
0
1
1
0
0

[Hex Position 24]
0
0
0
0
0
0
0
0

[Hex Position 25]
0
0
0
0
0
1
0
1

[Hex Position 26]
0
0
0
0
0
0
0
0

[Hex Position 27]
0
0
0
0
0
0
0
0

[Hex Position 28]
0
1
1
0
0
0
0
0

[Hex Position 29]
0
0
0
0
0
1
1
0

[Hex Position 30]
0
0
0
0
0
0
0
0

[Hex Position 31]
0
0
0
0
0
0
0
0

[Hex Position 32]
1
0
1
0
0
0
1
1

[Hex Position 33]
0
0
0
0
0
0
0
0

[Hex Position 34]
0
0
0
1
0
0
0
0

[Hex Position 35]
0
0
0
0
1
0
1
0
